#
# There is insufficient memory for the Java Runtime Environment to continue.
# Native memory allocation (malloc) failed to allocate 634736 bytes for Chunk::new
# Possible reasons:
#   The system is out of physical RAM or swap space
#   In 32 bit mode, the process size limit was hit
# Possible solutions:
#   Reduce memory load on the system
#   Increase physical memory or swap space
#   Check if swap backing store is full
#   Use 64 bit Java on a 64 bit OS
#   Decrease Java heap size (-Xmx/-Xms)
#   Decrease number of Java threads
#   Decrease Java thread stack sizes (-Xss)
#   Set larger code cache with -XX:ReservedCodeCacheSize=
# This output file may be truncated or incomplete.
#
#  Out of Memory Error (allocation.cpp:390), pid=4340, tid=3256
#
# JRE version: Java(TM) SE Runtime Environment (8.0_51-b16) (build 1.8.0_51-b16)
# Java VM: Java HotSpot(TM) 64-Bit Server VM (25.51-b03 mixed mode windows-amd64 compressed oops)
# Failed to write core dump. Minidumps are not enabled by default on client versions of Windows
#

---------------  T H R E A D  ---------------

Current thread (0x00000000566a4000):  JavaThread "C2 CompilerThread0" daemon [_thread_in_native, id=3256, stack(0x0000000056ca0000,0x0000000056da0000)]

Stack: [0x0000000056ca0000,0x0000000056da0000]
Native frames: (J=compiled Java code, j=interpreted, Vv=VM code, C=native code)
V  [jvm.dll+0x32b4ca]
V  [jvm.dll+0x2797e3]
V  [jvm.dll+0x27a479]
V  [jvm.dll+0x271765]
V  [jvm.dll+0xcba02]
V  [jvm.dll+0xcbecc]
V  [jvm.dll+0x492a7c]
V  [jvm.dll+0x45f4da]
V  [jvm.dll+0x46a7cb]
V  [jvm.dll+0x46cde2]
V  [jvm.dll+0x4501a2]
V  [jvm.dll+0xa43a2]
V  [jvm.dll+0xa4cdf]
V  [jvm.dll+0x2418a4]
V  [jvm.dll+0x29846a]
C  [msvcr100.dll+0x21d9f]
C  [msvcr100.dll+0x21e3b]
C  [kernel32.dll+0x159cd]
C  [ntdll.dll+0x2b891]


Current CompileTask:
C2:27334660 18387       4       org.codehaus.groovy.runtime.callsite.AbstractCallSite::createGetPropertySite (48 bytes)


---------------  P R O C E S S  ---------------

Java Threads: ( => current thread )
  0x000000005a12a800 JavaThread "Stdin handler" [_thread_blocked, id=6088, stack(0x0000000060500000,0x0000000060600000)]
  0x000000005a129800 JavaThread "Daemon worker Thread 21" [_thread_in_native, id=6224, stack(0x0000000059870000,0x0000000059970000)]
  0x000000005a12c000 JavaThread "Cancel handler" [_thread_blocked, id=4564, stack(0x000000005edb0000,0x000000005eeb0000)]
  0x000000005a12c800 JavaThread "Handler for socket connection from /127.0.0.1:49250 to /127.0.0.1:62066" [_thread_in_native, id=5556, stack(0x00000000594f0000,0x00000000595f0000)]
  0x000000005a12b000 JavaThread "Daemon Thread 21" [_thread_blocked, id=7064, stack(0x0000000058f90000,0x0000000059090000)]
  0x000000005683a800 JavaThread "File lock request listener" [_thread_in_native, id=2996, stack(0x0000000057040000,0x0000000057140000)]
  0x0000000057f3a000 JavaThread "Incoming local TCP Connector on port 49250" [_thread_in_native, id=4920, stack(0x0000000059150000,0x0000000059250000)]
  0x000000005529e800 JavaThread "Service Thread" daemon [_thread_blocked, id=3988, stack(0x0000000057150000,0x0000000057250000)]
  0x00000000566ab800 JavaThread "C1 CompilerThread2" daemon [_thread_blocked, id=1148, stack(0x0000000056070000,0x0000000056170000)]
  0x00000000566aa800 JavaThread "C2 CompilerThread1" daemon [_thread_blocked, id=2292, stack(0x0000000056ef0000,0x0000000056ff0000)]
=>0x00000000566a4000 JavaThread "C2 CompilerThread0" daemon [_thread_in_native, id=3256, stack(0x0000000056ca0000,0x0000000056da0000)]
  0x00000000566a1000 JavaThread "Attach Listener" daemon [_thread_blocked, id=5068, stack(0x00000000562a0000,0x00000000563a0000)]
  0x00000000566a0800 JavaThread "Signal Dispatcher" daemon [_thread_blocked, id=3212, stack(0x0000000056b10000,0x0000000056c10000)]
  0x000000005523b000 JavaThread "Finalizer" daemon [_thread_blocked, id=1260, stack(0x00000000565a0000,0x00000000566a0000)]
  0x0000000055234800 JavaThread "Reference Handler" daemon [_thread_blocked, id=5044, stack(0x00000000563d0000,0x00000000564d0000)]
  0x000000000017f000 JavaThread "main" [_thread_blocked, id=3456, stack(0x00000000024f0000,0x00000000025f0000)]

Other Threads:
  0x000000005522f000 VMThread [stack: 0x0000000056190000,0x0000000056290000] [id=4772]
  0x0000000056730800 WatcherThread [stack: 0x00000000572e0000,0x00000000573e0000] [id=2352]

VM state:not at safepoint (normal execution)

VM Mutex/Monitor currently owned by a thread: None

Heap:
 PSYoungGen      total 282624K, used 147781K [0x00000000eab00000, 0x0000000100000000, 0x0000000100000000)
  eden space 220672K, 43% used [0x00000000eab00000,0x00000000f0933198,0x00000000f8280000)
  from space 61952K, 82% used [0x00000000f8280000,0x00000000fb49e378,0x00000000fbf00000)
  to   space 64512K, 0% used [0x00000000fc100000,0x00000000fc100000,0x0000000100000000)
 ParOldGen       total 357376K, used 241319K [0x00000000c0000000, 0x00000000d5d00000, 0x00000000eab00000)
  object space 357376K, 67% used [0x00000000c0000000,0x00000000ceba9ec0,0x00000000d5d00000)
 Metaspace       used 233410K, capacity 246248K, committed 246528K, reserved 1257472K
  class space    used 32551K, capacity 37458K, committed 37632K, reserved 1048576K

Card table byte_map: [0x0000000011c80000,0x0000000011e90000] byte_map_base: 0x0000000011680000

Marking Bits: (ParMarkBitMap*) 0x0000000071c04040
 Begin Bits: [0x00000000126a0000, 0x00000000136a0000)
 End Bits:   [0x00000000136a0000, 0x00000000146a0000)

Polling page: 0x0000000000140000

CodeCache: size=245760Kb used=49845Kb max_used=49913Kb free=195914Kb
 bounds [0x00000000028c0000, 0x00000000059e0000, 0x00000000118c0000]
 total_blobs=13713 nmethods=13010 adapters=612
 compilation: enabled

Compilation events (10 events):
Event: 27326.184 Thread 0x00000000566ab800 nmethod 18383 0x000000000306b650 code [0x000000000306b800, 0x000000000306be28]
Event: 27326.186 Thread 0x00000000566ab800 18384       3       org.gradle.api.internal.file.copy.DefaultCopySpec$DefaultCopySpecResolver::getAllExcludes (50 bytes)
Event: 27326.186 Thread 0x00000000566ab800 nmethod 18384 0x00000000059ca790 code [0x00000000059ca940, 0x00000000059caf68]
Event: 27326.188 Thread 0x00000000566ab800 18385       3       org.gradle.api.internal.file.copy.DefaultCopySpec$DefaultCopySpecResolver::getAllExcludeSpecs (50 bytes)
Event: 27326.188 Thread 0x00000000566ab800 nmethod 18385 0x00000000059c9d10 code [0x00000000059c9ec0, 0x00000000059ca4e8]
Event: 27326.190 Thread 0x00000000566ab800 18382       3       org.gradle.api.internal.file.copy.DefaultCopySpec$DefaultCopySpecResolver$1::execute (9 bytes)
Event: 27326.190 Thread 0x00000000566ab800 nmethod 18382 0x000000000323ef50 code [0x000000000323f0e0, 0x000000000323f558]
Event: 27326.195 Thread 0x00000000566aa800 18386       4       com.google.common.cache.LongAdder::add (108 bytes)
Event: 27326.196 Thread 0x00000000566aa800 nmethod 18386 0x00000000031eced0 code [0x00000000031ed000, 0x00000000031ed098]
Event: 27326.197 Thread 0x00000000566a4000 18387       4       org.codehaus.groovy.runtime.callsite.AbstractCallSite::createGetPropertySite (48 bytes)

GC Heap History (10 events):
Event: 27105.352 GC heap before
{Heap before GC invocations=102 (full 26):
 PSYoungGen      total 279552K, used 162754K [0x00000000eab00000, 0x00000000ffe00000, 0x0000000100000000)
  eden space 223232K, 49% used [0x00000000eab00000,0x00000000f1743698,0x00000000f8500000)
  from space 56320K, 92% used [0x00000000f8500000,0x00000000fb7ad530,0x00000000fbc00000)
  to   space 60416K, 0% used [0x00000000fc300000,0x00000000fc300000,0x00000000ffe00000)
 ParOldGen       total 357376K, used 215036K [0x00000000c0000000, 0x00000000d5d00000, 0x00000000eab00000)
  object space 357376K, 60% used [0x00000000c0000000,0x00000000cd1ff390,0x00000000d5d00000)
 Metaspace       used 211026K, capacity 222478K, committed 223104K, reserved 1239040K
  class space    used 29379K, capacity 33767K, committed 34176K, reserved 1048576K
Event: 27105.431 GC heap after
Heap after GC invocations=102 (full 26):
 PSYoungGen      total 280576K, used 53958K [0x00000000eab00000, 0x0000000100000000, 0x0000000100000000)
  eden space 220160K, 0% used [0x00000000eab00000,0x00000000eab00000,0x00000000f8200000)
  from space 60416K, 89% used [0x00000000fc300000,0x00000000ff7b1aa8,0x00000000ffe00000)
  to   space 64512K, 0% used [0x00000000f8200000,0x00000000f8200000,0x00000000fc100000)
 ParOldGen       total 357376K, used 215044K [0x00000000c0000000, 0x00000000d5d00000, 0x00000000eab00000)
  object space 357376K, 60% used [0x00000000c0000000,0x00000000cd201390,0x00000000d5d00000)
 Metaspace       used 211026K, capacity 222478K, committed 223104K, reserved 1239040K
  class space    used 29379K, capacity 33767K, committed 34176K, reserved 1048576K
}
Event: 27105.431 GC heap before
{Heap before GC invocations=103 (full 27):
 PSYoungGen      total 280576K, used 53958K [0x00000000eab00000, 0x0000000100000000, 0x0000000100000000)
  eden space 220160K, 0% used [0x00000000eab00000,0x00000000eab00000,0x00000000f8200000)
  from space 60416K, 89% used [0x00000000fc300000,0x00000000ff7b1aa8,0x00000000ffe00000)
  to   space 64512K, 0% used [0x00000000f8200000,0x00000000f8200000,0x00000000fc100000)
 ParOldGen       total 357376K, used 215044K [0x00000000c0000000, 0x00000000d5d00000, 0x00000000eab00000)
  object space 357376K, 60% used [0x00000000c0000000,0x00000000cd201390,0x00000000d5d00000)
 Metaspace       used 211026K, capacity 222478K, committed 223104K, reserved 1239040K
  class space    used 29379K, capacity 33767K, committed 34176K, reserved 1048576K
Event: 27110.774 GC heap after
Heap after GC invocations=103 (full 27):
 PSYoungGen      total 280576K, used 0K [0x00000000eab00000, 0x0000000100000000, 0x0000000100000000)
  eden space 220160K, 0% used [0x00000000eab00000,0x00000000eab00000,0x00000000f8200000)
  from space 60416K, 0% used [0x00000000fc300000,0x00000000fc300000,0x00000000ffe00000)
  to   space 64512K, 0% used [0x00000000f8200000,0x00000000f8200000,0x00000000fc100000)
 ParOldGen       total 357376K, used 241311K [0x00000000c0000000, 0x00000000d5d00000, 0x00000000eab00000)
  object space 357376K, 67% used [0x00000000c0000000,0x00000000ceba7ec0,0x00000000d5d00000)
 Metaspace       used 210510K, capacity 221348K, committed 223104K, reserved 1239040K
  class space    used 29181K, capacity 33305K, committed 34176K, reserved 1048576K
}
Event: 27146.027 GC heap before
{Heap before GC invocations=104 (full 27):
 PSYoungGen      total 280576K, used 220160K [0x00000000eab00000, 0x0000000100000000, 0x0000000100000000)
  eden space 220160K, 100% used [0x00000000eab00000,0x00000000f8200000,0x00000000f8200000)
  from space 60416K, 0% used [0x00000000fc300000,0x00000000fc300000,0x00000000ffe00000)
  to   space 64512K, 0% used [0x00000000f8200000,0x00000000f8200000,0x00000000fc100000)
 ParOldGen       total 357376K, used 241311K [0x00000000c0000000, 0x00000000d5d00000, 0x00000000eab00000)
  object space 357376K, 67% used [0x00000000c0000000,0x00000000ceba7ec0,0x00000000d5d00000)
 Metaspace       used 217526K, capacity 228888K, committed 229888K, reserved 1245184K
  class space    used 30206K, capacity 34540K, committed 35072K, reserved 1048576K
Event: 27146.068 GC heap after
Heap after GC invocations=104 (full 27):
 PSYoungGen      total 284672K, used 25689K [0x00000000eab00000, 0x0000000100000000, 0x0000000100000000)
  eden space 220160K, 0% used [0x00000000eab00000,0x00000000eab00000,0x00000000f8200000)
  from space 64512K, 39% used [0x00000000f8200000,0x00000000f9b166c0,0x00000000fc100000)
  to   space 64000K, 0% used [0x00000000fc180000,0x00000000fc180000,0x0000000100000000)
 ParOldGen       total 357376K, used 241311K [0x00000000c0000000, 0x00000000d5d00000, 0x00000000eab00000)
  object space 357376K, 67% used [0x00000000c0000000,0x00000000ceba7ec0,0x00000000d5d00000)
 Metaspace       used 217526K, capacity 228888K, committed 229888K, reserved 1245184K
  class space    used 30206K, capacity 34540K, committed 35072K, reserved 1048576K
}
Event: 27165.769 GC heap before
{Heap before GC invocations=105 (full 27):
 PSYoungGen      total 284672K, used 245849K [0x00000000eab00000, 0x0000000100000000, 0x0000000100000000)
  eden space 220160K, 100% used [0x00000000eab00000,0x00000000f8200000,0x00000000f8200000)
  from space 64512K, 39% used [0x00000000f8200000,0x00000000f9b166c0,0x00000000fc100000)
  to   space 64000K, 0% used [0x00000000fc180000,0x00000000fc180000,0x0000000100000000)
 ParOldGen       total 357376K, used 241311K [0x00000000c0000000, 0x00000000d5d00000, 0x00000000eab00000)
  object space 357376K, 67% used [0x00000000c0000000,0x00000000ceba7ec0,0x00000000d5d00000)
 Metaspace       used 224817K, capacity 236966K, committed 237568K, reserved 1251328K
  class space    used 31279K, capacity 35913K, committed 36352K, reserved 1048576K
Event: 27165.828 GC heap after
Heap after GC invocations=105 (full 27):
 PSYoungGen      total 280064K, used 39210K [0x00000000eab00000, 0x00000000ffb80000, 0x0000000100000000)
  eden space 220672K, 0% used [0x00000000eab00000,0x00000000eab00000,0x00000000f8280000)
  from space 59392K, 66% used [0x00000000fc180000,0x00000000fe7ca960,0x00000000ffb80000)
  to   space 61952K, 0% used [0x00000000f8280000,0x00000000f8280000,0x00000000fbf00000)
 ParOldGen       total 357376K, used 241311K [0x00000000c0000000, 0x00000000d5d00000, 0x00000000eab00000)
  object space 357376K, 67% used [0x00000000c0000000,0x00000000ceba7ec0,0x00000000d5d00000)
 Metaspace       used 224817K, capacity 236966K, committed 237568K, reserved 1251328K
  class space    used 31279K, capacity 35913K, committed 36352K, reserved 1048576K
}
Event: 27325.224 GC heap before
{Heap before GC invocations=106 (full 27):
 PSYoungGen      total 280064K, used 259882K [0x00000000eab00000, 0x00000000ffb80000, 0x0000000100000000)
  eden space 220672K, 100% used [0x00000000eab00000,0x00000000f8280000,0x00000000f8280000)
  from space 59392K, 66% used [0x00000000fc180000,0x00000000fe7ca960,0x00000000ffb80000)
  to   space 61952K, 0% used [0x00000000f8280000,0x00000000f8280000,0x00000000fbf00000)
 ParOldGen       total 357376K, used 241311K [0x00000000c0000000, 0x00000000d5d00000, 0x00000000eab00000)
  object space 357376K, 67% used [0x00000000c0000000,0x00000000ceba7ec0,0x00000000d5d00000)
 Metaspace       used 231905K, capacity 244662K, committed 245120K, reserved 1257472K
  class space    used 32322K, capacity 37222K, committed 37504K, reserved 1048576K
Event: 27325.297 GC heap after
Heap after GC invocations=106 (full 27):
 PSYoungGen      total 282624K, used 51320K [0x00000000eab00000, 0x0000000100000000, 0x0000000100000000)
  eden space 220672K, 0% used [0x00000000eab00000,0x00000000eab00000,0x00000000f8280000)
  from space 61952K, 82% used [0x00000000f8280000,0x00000000fb49e378,0x00000000fbf00000)
  to   space 64512K, 0% used [0x00000000fc100000,0x00000000fc100000,0x0000000100000000)
 ParOldGen       total 357376K, used 241319K [0x00000000c0000000, 0x00000000d5d00000, 0x00000000eab00000)
  object space 357376K, 67% used [0x00000000c0000000,0x00000000ceba9ec0,0x00000000d5d00000)
 Metaspace       used 231905K, capacity 244662K, committed 245120K, reserved 1257472K
  class space    used 32322K, capacity 37222K, committed 37504K, reserved 1048576K
}

Deoptimization events (10 events):
Event: 26291.527 Thread 0x000000005a129800 Uncommon trap: reason=unstable_if action=reinterpret pc=0x000000000329e288 method=java.util.Formatter$Flags.contains(Ljava/util/Formatter$Flags;)Z @ 13
Event: 26291.530 Thread 0x000000005a129800 Uncommon trap: reason=unstable_if action=reinterpret pc=0x00000000040a379c method=java.lang.Class.getConstructor0([Ljava/lang/Class;I)Ljava/lang/reflect/Constructor; @ 29
Event: 26291.644 Thread 0x000000005a129800 Uncommon trap: reason=predicate action=maybe_recompile pc=0x000000000308c538 method=sun.reflect.Reflection.filter([Ljava/lang/reflect/Member;[Ljava/lang/String;)[Ljava/lang/reflect/Member; @ 56
Event: 26291.682 Thread 0x000000005a129800 Uncommon trap: reason=unstable_if action=reinterpret pc=0x00000000046df9d8 method=java.lang.Class.privateGetDeclaredFields(Z)[Ljava/lang/reflect/Field; @ 13
Event: 26291.788 Thread 0x000000005a129800 Uncommon trap: reason=unstable_if action=reinterpret pc=0x0000000003db1adc method=groovy.lang.MetaClassImpl.getSuperClasses()Ljava/util/LinkedList; @ 67
Event: 26291.884 Thread 0x000000005a129800 Uncommon trap: reason=class_check action=maybe_recompile pc=0x00000000045a45c4 method=org.gradle.logging.internal.OutputEventRenderer$2.onOutput(Lorg/gradle/logging/internal/OutputEvent;)V @ 11
Event: 26291.885 Thread 0x000000005a129800 Uncommon trap: reason=unstable_if action=reinterpret pc=0x0000000004527a18 method=java.io.ObjectOutputStream$BlockDataOutputStream.writeBytes(Ljava/lang/String;)V @ 22
Event: 26380.678 Thread 0x000000005a129800 Uncommon trap: reason=class_check action=maybe_recompile pc=0x00000000051404cc method=org.gradle.api.internal.changedetection.state.DefaultFileCollectionSnapshotter$FileCollectionSnapshotImpl$2.next(Lorg/gradle/util/ChangeListener;)Z @ 79
Event: 26457.681 Thread 0x000000005a129800 Uncommon trap: reason=class_check action=maybe_recompile pc=0x00000000045a45c4 method=org.gradle.logging.internal.OutputEventRenderer$2.onOutput(Lorg/gradle/logging/internal/OutputEvent;)V @ 11
Event: 26975.607 Thread 0x000000005a12c800 Uncommon trap: reason=class_check action=maybe_recompile pc=0x00000000045a45c4 method=org.gradle.logging.internal.OutputEventRenderer$2.onOutput(Lorg/gradle/logging/internal/OutputEvent;)V @ 11

Internal exceptions (10 events):
Event: 27326.214 Thread 0x000000005a129800 Exception <a 'java/lang/ClassNotFoundException': com/google/common/base/CaseFormatBeanInfo> (0x00000000f048b190) thrown at [C:\re\workspace\8-2-build-windows-amd64-cygwin\jdk8u51\3951\hotspot\src\share\vm\classfile\systemDictionary.cpp, line 210]
Event: 27326.214 Thread 0x000000005a129800 Exception <a 'java/lang/ClassNotFoundException': com/google/common/base/CaseFormatCustomizer> (0x00000000f0495590) thrown at [C:\re\workspace\8-2-build-windows-amd64-cygwin\jdk8u51\3951\hotspot\src\share\vm\classfile\systemDictionary.cpp, line 210]
Event: 27326.216 Thread 0x000000005a129800 Exception <a 'java/lang/ClassNotFoundException': com/google/common/base/CaseFormat$3BeanInfo> (0x00000000f04b5910) thrown at [C:\re\workspace\8-2-build-windows-amd64-cygwin\jdk8u51\3951\hotspot\src\share\vm\classfile\systemDictionary.cpp, line 210]
Event: 27326.217 Thread 0x000000005a129800 Exception <a 'java/lang/ClassNotFoundException': com/google/common/base/CaseFormat$3Customizer> (0x00000000f04c01e0) thrown at [C:\re\workspace\8-2-build-windows-amd64-cygwin\jdk8u51\3951\hotspot\src\share\vm\classfile\systemDictionary.cpp, line 210]
Event: 27326.220 Thread 0x000000005a129800 Exception <a 'java/lang/ClassNotFoundException': com/google/common/base/CaseFormat$StringConverterBeanInfo> (0x00000000f05008a0) thrown at [C:\re\workspace\8-2-build-windows-amd64-cygwin\jdk8u51\3951\hotspot\src\share\vm\classfile\systemDictionary.cpp, linARSŽ¯Ú@
Event: 27326.221 Thread 0x000000005a129800 Exception <a 'java/lang/ClassNotFoundException': com/google/common/base/ConverterBeanInfo> (0x00000000f050ac20) thrown at [C:\re\workspace\8-2-build-windows-amd64-cygwin\jdk8u51\3951\hotspot\src\share\vm\classfile\systemDictionary.cpp, line 210]
Event: 27326.221 Thread 0x000000005a129800 Exception <a 'java/lang/ClassNotFoundException': com/google/common/base/ConverterCustomizer> (0x00000000f0514fa8) thrown at [C:\re\workspace\8-2-build-windows-amd64-cygwin\jdk8u51\3951\hotspot\src\share\vm\classfile\systemDictionary.cpp, line 210]
Event: 27326.221 Thread 0x000000005a129800 Exception <a 'java/lang/ClassNotFoundException': com/google/common/base/CaseFormat$StringConverterCustomizer> (0x00000000f052e338) thrown at [C:\re\workspace\8-2-build-windows-amd64-cygwin\jdk8u51\3951\hotspot\src\share\vm\classfile\systemDictionary.cpp, líírhŽ¯Ú@
Event: 27326.225 Thread 0x000000005a129800 Exception <a 'java/lang/ClassNotFoundException': com/android/builder/profile/ExecutionRecordBeanInfo> (0x00000000f0561b90) thrown at [C:\re\workspace\8-2-build-windows-amd64-cygwin\jdk8u51\3951\hotspot\src\share\vm\classfile\systemDictionary.cpp, line 210]˜yhlŽ¯Ú@
Event: 27326.225 Thread 0x000000005a129800 Exception <a 'java/lang/ClassNotFoundException': com/android/builder/profile/ExecutionRecordCustomizer> (0x00000000f056d468) thrown at [C:\re\workspace\8-2-build-windows-amd64-cygwin\jdk8u51\3951\hotspot\src\share\vm\classfile\systemDictionary.cpp, line 21

Events (10 events):
Event: 27326.225 loading class groovy/runtime/metaclass/com/android/builder/profile/ExecutionRecordMetaClass
Event: 27326.225 loading class groovy/runtime/metaclass/com/android/builder/profile/ExecutionRecordMetaClass done
Event: 27326.225 loading class com/android/builder/profile/ExecutionRecordBeanInfo
Event: 27326.225 loading class com/android/builder/profile/ExecutionRecordBeanInfo done
Event: 27326.225 loading class com/android/builder/profile/ExecutionRecordBeanInfo
Event: 27326.225 loading class com/android/builder/profile/ExecutionRecordBeanInfo done
Event: 27326.225 loading class com/android/builder/profile/ExecutionRecordCustomizer
Event: 27326.225 loading class com/android/builder/profile/ExecutionRecordCustomizer done
Event: 27326.225 loading class com/android/builder/profile/ExecutionRecordCustomizer
Event: 27326.225 loading class com/android/builder/profile/ExecutionRecordCustomizer done


Dynamic libraries:
0x000000013fe50000 - 0x000000013fe87000 	C:\Program Files\Java\jdk1.8.0_51\bin\java.exe
0x00000000777f0000 - 0x0000000077998000 	C:\Windows\SYSTEM32\ntdll.dll
0x00000000775d0000 - 0x00000000776ef000 	C:\Windows\system32\kernel32.dll
0x000007fefd850000 - 0x000007fefd8bc000 	C:\Windows\system32\KERNELBASE.dll
0x000007fefe820000 - 0x000007fefe8fb000 	C:\Windows\system32\ADVAPI32.dll
0x000007fefddd0000 - 0x000007fefde6f000 	C:\Windows\system32\msvcrt.dll
0x000007fefdaa0000 - 0x000007fefdabf000 	C:\Windows\SYSTEM32\sechost.dll
0x000007fefe670000 - 0x000007fefe79d000 	C:\Windows\system32\RPCRT4.dll
0x00000000776f0000 - 0x00000000777ea000 	C:\Windows\system32\USER32.dll
0x000007fefda10000 - 0x000007fefda77000 	C:\Windows\system32\GDI32.dll
0x000007fefe140000 - 0x000007fefe14e000 	C:\Windows\system32\LPK.dll
0x000007fefea90000 - 0x000007fefeb59000 	C:\Windows\system32\USP10.dll
0x000007fefbfa0000 - 0x000007fefc194000 	C:\Windows\WinSxS\amd64_microsoft.windows.common-controls_6595b64144ccf1df_6.0.7601.18837_none_fa3b1e3d17594757\COMCTL32.dll
0x000007fefea10000 - 0x000007fefea81000 	C:\Windows\system32\SHLWAPI.dll
0x000007feff8f0000 - 0x000007feff91e000 	C:\Windows\system32\IMM32.DLL
0x000007fefe900000 - 0x000007fefea09000 	C:\Windows\system32\MSCTF.dll
0x0000000066730000 - 0x0000000066802000 	C:\Program Files\Java\jdk1.8.0_51\jre\bin\msvcr100.dll
0x0000000071400000 - 0x0000000071c83000 	C:\Program Files\Java\jdk1.8.0_51\jre\bin\server\jvm.dll
0x000007fef8ef0000 - 0x000007fef8ef9000 	C:\Windows\system32\WSOCK32.dll
0x000007fefd9c0000 - 0x000007fefda0d000 	C:\Windows\system32\WS2_32.dll
0x000007fefddc0000 - 0x000007fefddc8000 	C:\Windows\system32\NSI.dll
0x000007fefb590000 - 0x000007fefb5cb000 	C:\Windows\system32\WINMM.dll
0x000007fefc690000 - 0x000007fefc69c000 	C:\Windows\system32\VERSION.dll
0x00000000779b0000 - 0x00000000779b7000 	C:\Windows\system32\PSAPI.DLL
0x00000000734b0000 - 0x00000000734bf000 	C:\Program Files\Java\jdk1.8.0_51\jre\bin\verify.dll
0x0000000073480000 - 0x00000000734a9000 	C:\Program Files\Java\jdk1.8.0_51\jre\bin\java.dll
0x0000000073460000 - 0x0000000073476000 	C:\Program Files\Java\jdk1.8.0_51\jre\bin\zip.dll
0x000007fefeb60000 - 0x000007feff8e9000 	C:\Windows\system32\SHELL32.dll
0x000007fefe380000 - 0x000007fefe583000 	C:\Windows\system32\ole32.dll
0x000007fefd5b0000 - 0x000007fefd5bf000 	C:\Windows\system32\profapi.dll
0x000007fefcfd0000 - 0x000007fefcfe8000 	C:\Windows\system32\CRYPTSP.dll
0x000007fefcae0000 - 0x000007fefcb27000 	C:\Windows\system32\rsaenh.dll
0x000007fefd940000 - 0x000007fefd95e000 	C:\Windows\system32\USERENV.dll
0x000007fefd440000 - 0x000007fefd44f000 	C:\Windows\system32\CRYPTBASE.dll
0x0000000073440000 - 0x000000007345a000 	C:\Program Files\Java\jdk1.8.0_51\jre\bin\net.dll
0x000007fefcd80000 - 0x000007fefcdd5000 	C:\Windows\system32\mswsock.dll
0x000007fefcd70000 - 0x000007fefcd77000 	C:\Windows\System32\wship6.dll
0x000007fefaad0000 - 0x000007fefaaf7000 	C:\Windows\system32\IPHLPAPI.DLL
0x000007fefaac0000 - 0x000007fefaacb000 	C:\Windows\system32\WINNSI.DLL
0x000007fefa8c0000 - 0x000007fefa8d8000 	C:\Windows\system32\dhcpcsvc.DLL
0x000007fefa8a0000 - 0x000007fefa8b1000 	C:\Windows\system32\dhcpcsvc6.DLL
0x0000000073420000 - 0x0000000073431000 	C:\Program Files\Java\jdk1.8.0_51\jre\bin\nio.dll
0x000007feeca50000 - 0x000007feeca62000 	C:\Users\Jlinok\AppData\Local\Temp\native-platform7559415988199873858dir\native-platform.dll
0x000007fefd3e0000 - 0x000007fefd437000 	C:\Windows\system32\apphelp.dll
0x000007feed180000 - 0x000007feed2a5000 	C:\Windows\system32\dbghelp.dll

VM Arguments:
jvm_args: -XX:MaxPermSize=256m -XX:+HeapDumpOnOutOfMemoryError -Xmx1024m -Dfile.encoding=windows-1251 -Duser.country=RU -Duser.language=ru -Duser.variant 
java_command: org.gradle.launcher.daemon.bootstrap.GradleDaemon 2.2.1 C:\Users\Jlinok\.gradle\daemon 10800000 d6e11e64-128b-4bc2-8b7d-e7840f84da43 -XX:MaxPermSize=256m -XX:+HeapDumpOnOutOfMemoryError -Xmx1024m -Dfile.encoding=windows-1251 -Duser.country=RU -Duser.language=ru -Duser.variant
java_class_path (initial): C:\Program Files\Android\Android Studio\gradle\gradle-2.2.1\lib\gradle-launcher-2.2.1.jar
Launcher Type: SUN_STANDARD

Environment Variables:
PATH=C:\ProgramData\Oracle\Java\javapath;C:\Windows\system32;C:\Windows;C:\Windows\System32\Wbem;C:\Windows\System32\WindowsPowerShell\v1.0\;C:\Program Files\7-Zip;C:\Program Files (x86)\Intel\OpenCL SDK\2.0\bin\x86;C:\Program Files (x86)\Intel\OpenCL SDK\2.0\bin\x64;C:\Program Files\Intel\WiFi\bin\;C:\Program Files\Common Files\Intel\WirelessCommon\;C:\Program Files (x86)\Skype\Phone\;C:\Program Files (x86)\Zillya Antivirus\;C:\Program Files\TortoiseGit\bin;C:\Program Files\Intel\WiFi\bin\;C:\Program Files\Common Files\Intel\WirelessCommon\
USERNAME=Jlinok
OS=Windows_NT
PROCESSOR_IDENTIFIER=Intel64 Family 6 Model 42 Stepping 7, GenuineIntel



---------------  S Y S T E M  ---------------

OS: Windows 7 , 64 bit Build 7601 (6.1.7601.18847)

CPU:total 4 (2 cores per cpu, 2 threads per core) family 6 model 42 stepping 7, cmov, cx8, fxsr, mmx, sse, sse2, sse3, ssse3, sse4.1, sse4.2, popcnt, avx, clmul, ht, tsc, tscinvbit

Memory: 4k page, physical 4044416k(187396k free), swap 6090564k(5040k free)

vm_info: Java HotSpot(TM) 64-Bit Server VM (25.51-b03) for windows-amd64 JRE (1.8.0_51-b16), built on Jun  8 2015 18:03:07 by "java_re" with MS VC++ 10.0 (VS2010)

time: Wed Aug 05 18:52:07 2015
elapsed time: 27326 seconds (0d 7h 35m 26s)

